May 01 08:02:19 SmartIRC.php(1031) DEBUG_CONNECTION: connecting
May 01 08:02:19 SmartIRC.php(1036) DEBUG_SOCKET: using real sockets
May 01 08:02:19 SmartIRC.php(1052) DEBUG_NOTICE: couldn't connect to "" reason: "Unknown host"
May 01 08:02:19 SmartIRC.php(1188) DEBUG_CONNECTION: logging in
May 01 08:02:19 SmartIRC.php(1856) DEBUG_IRCMESSAGES: sent: "PASS "
May 01 08:02:19 SmartIRC.php(1205) DEBUG_NOTICE: login() usermode () is not valid, will use 0 instead
May 01 08:02:19 SmartIRC.php(1856) DEBUG_IRCMESSAGES: sent: "NICK DelirioTest"
May 01 08:02:19 SmartIRC.php(1856) DEBUG_IRCMESSAGES: sent: "USER delirio 0 * :ilDelirante [ver 0.1a]"
May 01 08:07:19 SmartIRC.php(1380) DEBUG_CONNECTION: connection error detected, will reconnect!
May 01 08:07:19 SmartIRC.php(1147) DEBUG_CONNECTION: reconnecting...
May 01 08:07:19 SmartIRC.php(1111) DEBUG_CONNECTION: disconnected
May 01 08:07:19 SmartIRC.php(1119) DEBUG_CHANNELSYNCING: cleaned channel array
May 01 08:07:19 SmartIRC.php(1125) DEBUG_USERSYNCING: cleaned user array
May 01 08:07:19 SmartIRC.php(1031) DEBUG_CONNECTION: connecting
May 01 08:07:19 SmartIRC.php(1036) DEBUG_SOCKET: using real sockets
May 01 08:07:19 SmartIRC.php(1052) DEBUG_NOTICE: couldn't connect to "" reason: "Unknown host"
May 01 08:07:19 SmartIRC.php(1188) DEBUG_CONNECTION: logging in
May 01 08:07:19 SmartIRC.php(1856) DEBUG_IRCMESSAGES: sent: "PASS "
May 01 08:07:19 SmartIRC.php(1205) DEBUG_NOTICE: login() usermode () is not valid, will use 0 instead
May 01 08:07:19 SmartIRC.php(1856) DEBUG_IRCMESSAGES: sent: "NICK DelirioTest"
May 01 08:07:19 SmartIRC.php(1856) DEBUG_IRCMESSAGES: sent: "USER delirio 0 * :ilDelirante [ver 0.1a]"
